<?xml version="1.0" encoding="UTF-8"?>
<testsuite xmlns:xsi="http://www.w3.org/2001/XMLSchema-instance" xsi:noNamespaceSchemaLocation="https://maven.apache.org/surefire/maven-surefire-plugin/xsd/surefire-test-report.xsd" name="CalculatorTest" time="0.016" tests="4" errors="0" skipped="0" failures="0">
  <properties>
[...]
</properties>
  <testcase name="shouldReturn8Mult" classname="CalculatorTest" time="0"/>
  <testcase name="shouldReturn2Div" classname="CalculatorTest" time="0"/>
  <testcase name="shouldReturn2Sub" classname="CalculatorTest" time="0"/>
  <testcase name="shouldReturn6Add" classname="CalculatorTest" time="0"/>
</testsuite>